<?xml version="1.0" encoding="UTF-8"?>
<testsuites name="jest tests" tests="5" failures="0" errors="0" time="2.624">
  <testsuite name="util" errors="0" failures="0" skipped="0" timestamp="2025-08-12T10:26:27" time="1.373" tests="1">
    <testcase classname="util getReviewMessage should return a review message" name="util getReviewMessage should return a review message" time="0.009">
    </testcase>
  </testsuite>
  <testsuite name="start.test.js" errors="0" failures="0" skipped="0" timestamp="2025-08-12T10:26:27" time="1.44" tests="4">
    <testcase classname="start.test.js should be happy" name="start.test.js should be happy" time="0.012">
    </testcase>
    <testcase classname="start.test.js should not add event listener if approve button is missing" name="start.test.js should not add event listener if approve button is missing" time="0.001">
    </testcase>
    <testcase classname="start.test.js should set review comments value on click" name="start.test.js should set review comments value on click" time="0.001">
    </testcase>
    <testcase classname="start.test.js should not set value if review comments textarea is missing" name="start.test.js should not set value if review comments textarea is missing" time="0">
    </testcase>
  </testsuite>
</testsuites>